0 info it worked if it ends with ok
1 verbose cli [ '/usr/local/bin/node', '/usr/local/bin/npm', 'publish' ]
2 info using npm@3.10.9
3 info using node@v6.2.2
4 verbose publish [ '.' ]
5 silly cache add args [ '.', null ]
6 verbose cache add spec .
7 silly cache add parsed spec Result {
7 silly cache add   raw: '.',
7 silly cache add   scope: null,
7 silly cache add   escapedName: null,
7 silly cache add   name: null,
7 silly cache add   rawSpec: '.',
7 silly cache add   spec: '/Users/dejongill/projects/practice/nodeschool/howToNPM',
7 silly cache add   type: 'directory' }
8 verbose addLocalDirectory /Users/dejongill/.npm/howToNPM/1.0.1/package.tgz not in flight; packing
9 verbose correctMkdir /Users/dejongill/.npm correctMkdir not in flight; initializing
10 info lifecycle howToNPM@1.0.1~prepublish: howToNPM@1.0.1
11 silly lifecycle howToNPM@1.0.1~prepublish: no script for prepublish, continuing
12 verbose tar pack [ '/Users/dejongill/.npm/howToNPM/1.0.1/package.tgz',
12 verbose tar pack   '/Users/dejongill/projects/practice/nodeschool/howToNPM' ]
13 verbose tarball /Users/dejongill/.npm/howToNPM/1.0.1/package.tgz
14 verbose folder /Users/dejongill/projects/practice/nodeschool/howToNPM
15 verbose addLocalTarball adding from inside cache /Users/dejongill/.npm/howToNPM/1.0.1/package.tgz
16 verbose correctMkdir /Users/dejongill/.npm correctMkdir not in flight; initializing
17 silly cache afterAdd howToNPM@1.0.1
18 verbose afterAdd /Users/dejongill/.npm/howToNPM/1.0.1/package/package.json not in flight; writing
19 verbose correctMkdir /Users/dejongill/.npm correctMkdir not in flight; initializing
20 verbose afterAdd /Users/dejongill/.npm/howToNPM/1.0.1/package/package.json written
21 silly publish { name: 'howToNPM',
21 silly publish   version: '1.0.1',
21 silly publish   dist: '1.0.0',
21 silly publish   description: 'The How To NPM section of NodeSchool',
21 silly publish   main: 'index.js',
21 silly publish   scripts: { test: 'node test.js' },
21 silly publish   repository:
21 silly publish    { type: 'git',
21 silly publish      url: 'https://github.com/itsmed/nodeschool/tree/master/howToNPM' },
21 silly publish   keywords: [],
21 silly publish   author: { name: 'itsmed' },
21 silly publish   license: 'ISC',
21 silly publish   dependencies: { '@linclark/pkg': '^1.0.3' },
21 silly publish   readme: '# Hello World',
21 silly publish   readmeFilename: 'README.md',
21 silly publish   _id: 'howToNPM@1.0.1',
21 silly publish   _shasum: 'c50a881df5d61ae374d17e6438d4539957f54372',
21 silly publish   _from: '.' }
22 verbose getPublishConfig undefined
23 silly mapToRegistry name howToNPM
24 silly mapToRegistry using default registry
25 silly mapToRegistry registry https://registry.npmjs.org/
26 silly mapToRegistry data Result {
26 silly mapToRegistry   raw: 'howToNPM',
26 silly mapToRegistry   scope: null,
26 silly mapToRegistry   escapedName: 'howToNPM',
26 silly mapToRegistry   name: 'howToNPM',
26 silly mapToRegistry   rawSpec: '',
26 silly mapToRegistry   spec: 'latest',
26 silly mapToRegistry   type: 'tag' }
27 silly mapToRegistry uri https://registry.npmjs.org/howToNPM
28 verbose publish registryBase https://registry.npmjs.org/
29 silly publish uploading /Users/dejongill/.npm/howToNPM/1.0.1/package.tgz
30 verbose request uri https://registry.npmjs.org/howToNPM
31 verbose request sending authorization for write operation
32 info attempt registry request try #1 at 8:16:53 PM
33 verbose request using bearer token for auth
34 verbose request id 9d92a72ff2074025
35 http request PUT https://registry.npmjs.org/howToNPM
36 http 403 https://registry.npmjs.org/howToNPM
37 verbose headers { 'content-type': 'application/json',
37 verbose headers   'cache-control': 'max-age=300',
37 verbose headers   'content-length': '95',
37 verbose headers   'accept-ranges': 'bytes',
37 verbose headers   date: 'Mon, 07 Nov 2016 04:16:54 GMT',
37 verbose headers   via: '1.1 varnish',
37 verbose headers   connection: 'keep-alive',
37 verbose headers   'x-served-by': 'cache-sjc3144-SJC',
37 verbose headers   'x-cache': 'MISS',
37 verbose headers   'x-cache-hits': '0',
37 verbose headers   'x-timer': 'S1478492213.919308,VS0,VE110',
37 verbose headers   vary: 'Accept-Encoding' }
38 verbose request invalidating /Users/dejongill/.npm/registry.npmjs.org/howToNPM on PUT
39 error publish Failed PUT 403
40 verbose stack Error: "You cannot publish over the previously published version 1.0.1." : howToNPM
40 verbose stack     at makeError (/usr/local/lib/node_modules/npm/node_modules/npm-registry-client/lib/request.js:302:12)
40 verbose stack     at CachingRegistryClient.<anonymous> (/usr/local/lib/node_modules/npm/node_modules/npm-registry-client/lib/request.js:290:14)
40 verbose stack     at Request._callback (/usr/local/lib/node_modules/npm/node_modules/npm-registry-client/lib/request.js:210:14)
40 verbose stack     at Request.self.callback (/usr/local/lib/node_modules/npm/node_modules/request/request.js:187:22)
40 verbose stack     at emitTwo (events.js:106:13)
40 verbose stack     at Request.emit (events.js:191:7)
40 verbose stack     at Request.<anonymous> (/usr/local/lib/node_modules/npm/node_modules/request/request.js:1048:10)
40 verbose stack     at emitOne (events.js:96:13)
40 verbose stack     at Request.emit (events.js:188:7)
40 verbose stack     at IncomingMessage.<anonymous> (/usr/local/lib/node_modules/npm/node_modules/request/request.js:969:12)
41 verbose statusCode 403
42 verbose pkgid howToNPM
43 verbose cwd /Users/dejongill/projects/practice/nodeschool/howToNPM
44 error Darwin 15.6.0
45 error argv "/usr/local/bin/node" "/usr/local/bin/npm" "publish"
46 error node v6.2.2
47 error npm  v3.10.9
48 error code E403
49 error "You cannot publish over the previously published version 1.0.1." : howToNPM
50 error If you need help, you may report this error at:
50 error     <https://github.com/npm/npm/issues>
51 verbose exit [ 1, true ]
